<?xml version="1.0" encoding="UTF-8"?>
<!-- Generated by org.testng.reporters.JUnitReportReporter -->
<testsuite hostname="MMD5CG133CDVV" failures="0" tests="1" name="uspstests.VerifyStatusCodeTest" time="2.123" errors="0" timestamp="2024-02-18T02:23:10 IST" skipped="0">
  <testcase classname="uspstests.VerifyStatusCodeTest" name="verifyStatusCode" time="2.123"/>
</testsuite> <!-- uspstests.VerifyStatusCodeTest -->
